<?xml version="1.0" encoding="UTF-8"?>
<testng-results ignored="0" total="1" passed="1" failed="0" skipped="0">
  <reporter-output>
  </reporter-output>
  <suite started-at="2025-02-03T11:56:12 GMT+06:00" name="Default suite" finished-at="2025-02-03T11:56:20 GMT+06:00" duration-ms="8595">
    <groups>
    </groups>
    <test started-at="2025-02-03T11:56:12 GMT+06:00" name="Default test" finished-at="2025-02-03T11:56:20 GMT+06:00" duration-ms="8595">
      <class name="testcase.MyFirstTestFW">
        <test-method is-config="true" signature="setUP()[pri:0, instance:testcase.MyFirstTestFW@7d8704ef]" started-at="2025-02-03T11:56:12 GMT+06:00" name="setUP" finished-at="2025-02-03T11:56:17 GMT+06:00" duration-ms="4878" status="PASS">
          <reporter-output>
          </reporter-output>
        </test-method> <!-- setUP -->
        <test-method signature="LoginTest()[pri:0, instance:testcase.MyFirstTestFW@7d8704ef]" started-at="2025-02-03T11:56:17 GMT+06:00" name="LoginTest" finished-at="2025-02-03T11:56:20 GMT+06:00" duration-ms="3500" status="PASS">
          <reporter-output>
          </reporter-output>
        </test-method> <!-- LoginTest -->
        <test-method is-config="true" signature="tearDown()[pri:0, instance:testcase.MyFirstTestFW@7d8704ef]" started-at="2025-02-03T11:56:20 GMT+06:00" name="tearDown" finished-at="2025-02-03T11:56:20 GMT+06:00" duration-ms="189" status="PASS">
          <reporter-output>
          </reporter-output>
        </test-method> <!-- tearDown -->
      </class> <!-- testcase.MyFirstTestFW -->
    </test> <!-- Default test -->
  </suite> <!-- Default suite -->
</testng-results>
